# JRE version: Java(TM) SE Runtime Environment (21.0.6+8) (build 21.0.6+8-LTS-188)
# Java VM: Java HotSpot(TM) 64-Bit Server VM (21.0.6+8-LTS-188, mixed mode, sharing, tiered, compressed oops, compressed class ptrs, g1 gc, windows-amd64)
GC Precious Log:
 CardTable entry size: 512
 Card Set container configuration: InlinePtr #cards 5 size 8 Array Of Cards #cards 12 size 40 Howl #buckets 4 coarsen threshold 1843 Howl Bitmap #cards 512 size 80 coarsen threshold 460 Card regions per heap region 1 cards per card region 2048
 CPUs: 8 total, 8 available
 Memory: 16178M
 Large Page Support: Disabled
 NUMA Support: Disabled
 Compressed Oops: Enabled (32-bit)
 Heap Region Size: 1M
 Heap Min Capacity: 256M
 Heap Initial Capacity: 256M
 Heap Max Capacity: 512M
 Pre-touch: Disabled
 Parallel Workers: 8
 Concurrent Workers: 2
 Concurrent Refinement Workers: 8
 Periodic GC: Disabled
Heap:
 garbage-first heap   total 279552K, used 180674K [0x00000000e0000000, 0x0000000100000000)
  region size 1024K, 14 young (14336K), 8 survivors (8192K)
 Metaspace       used 105016K, committed 107776K, reserved 458752K
  class space    used 14150K, committed 15552K, reserved 327680K
GC Heap History (20 events):
Event: 29.819 GC heap before
{Heap before GC invocations=13 (full 0):
 garbage-first heap   total 262144K, used 221856K [0x00000000e0000000, 0x0000000100000000)
  region size 1024K, 153 young (156672K), 14 survivors (14336K)
 Metaspace       used 73137K, committed 75264K, reserved 393216K
  class space    used 10292K, committed 11328K, reserved 327680K
}
Event: 29.848 GC heap after
{Heap after GC invocations=14 (full 0):
 garbage-first heap   total 262144K, used 93761K [0x00000000e0000000, 0x0000000100000000)
  region size 1024K, 19 young (19456K), 19 survivors (19456K)
 Metaspace       used 73137K, committed 75264K, reserved 393216K
  class space    used 10292K, committed 11328K, reserved 327680K
}
Event: 35.782 GC heap before
{Heap before GC invocations=14 (full 0):
 garbage-first heap   total 262144K, used 241217K [0x00000000e0000000, 0x0000000100000000)
  region size 1024K, 150 young (153600K), 19 survivors (19456K)
 Metaspace       used 83129K, committed 85440K, reserved 458752K
  class space    used 11634K, committed 12800K, reserved 327680K
}
Event: 35.817 GC heap after
{Heap after GC invocations=15 (full 0):
 garbage-first heap   total 276480K, used 120439K [0x00000000e0000000, 0x0000000100000000)
  region size 1024K, 14 young (14336K), 14 survivors (14336K)
 Metaspace       used 83129K, committed 85440K, reserved 458752K
  class space    used 11634K, committed 12800K, reserved 327680K
}
Event: 39.965 GC heap before
{Heap before GC invocations=15 (full 0):
 garbage-first heap   total 276480K, used 242295K [0x00000000e0000000, 0x0000000100000000)
  region size 1024K, 134 young (137216K), 14 survivors (14336K)
 Metaspace       used 85565K, committed 88064K, reserved 458752K
  class space    used 11828K, committed 13056K, reserved 327680K
}
Event: 40.001 GC heap after
{Heap after GC invocations=16 (full 0):
 garbage-first heap   total 276480K, used 127596K [0x00000000e0000000, 0x0000000100000000)
  region size 1024K, 8 young (8192K), 8 survivors (8192K)
 Metaspace       used 85565K, committed 88064K, reserved 458752K
  class space    used 11828K, committed 13056K, reserved 327680K
}
Event: 42.677 GC heap before
{Heap before GC invocations=16 (full 0):
 garbage-first heap   total 276480K, used 247404K [0x00000000e0000000, 0x0000000100000000)
  region size 1024K, 125 young (128000K), 8 survivors (8192K)
 Metaspace       used 86301K, committed 88768K, reserved 458752K
  class space    used 11840K, committed 13056K, reserved 327680K
}
Event: 42.689 GC heap after
{Heap after GC invocations=17 (full 0):
 garbage-first heap   total 276480K, used 130967K [0x00000000e0000000, 0x0000000100000000)
  region size 1024K, 11 young (11264K), 11 survivors (11264K)
 Metaspace       used 86301K, committed 88768K, reserved 458752K
  class space    used 11840K, committed 13056K, reserved 327680K
}
Event: 44.276 GC heap before
{Heap before GC invocations=18 (full 0):
 garbage-first heap   total 276480K, used 248727K [0x00000000e0000000, 0x0000000100000000)
  region size 1024K, 127 young (130048K), 11 survivors (11264K)
 Metaspace       used 86559K, committed 88960K, reserved 458752K
  class space    used 11833K, committed 13056K, reserved 327680K
}
Event: 44.293 GC heap after
{Heap after GC invocations=19 (full 0):
 garbage-first heap   total 276480K, used 134601K [0x00000000e0000000, 0x0000000100000000)
  region size 1024K, 10 young (10240K), 10 survivors (10240K)
 Metaspace       used 86559K, committed 88960K, reserved 458752K
  class space    used 11833K, committed 13056K, reserved 327680K
}
Event: 143.471 GC heap before
{Heap before GC invocations=19 (full 0):
 garbage-first heap   total 276480K, used 250313K [0x00000000e0000000, 0x0000000100000000)
  region size 1024K, 124 young (126976K), 10 survivors (10240K)
 Metaspace       used 90722K, committed 93248K, reserved 458752K
  class space    used 12361K, committed 13632K, reserved 327680K
}
Event: 143.499 GC heap after
{Heap after GC invocations=20 (full 0):
 garbage-first heap   total 276480K, used 141657K [0x00000000e0000000, 0x0000000100000000)
  region size 1024K, 15 young (15360K), 15 survivors (15360K)
 Metaspace       used 90722K, committed 93248K, reserved 458752K
  class space    used 12361K, committed 13632K, reserved 327680K
}
Event: 161.709 GC heap before
{Heap before GC invocations=20 (full 0):
 garbage-first heap   total 276480K, used 245081K [0x00000000e0000000, 0x0000000100000000)
  region size 1024K, 117 young (119808K), 15 survivors (15360K)
 Metaspace       used 92347K, committed 94848K, reserved 458752K
  class space    used 12599K, committed 13888K, reserved 327680K
}
Event: 161.729 GC heap after
{Heap after GC invocations=21 (full 0):
 garbage-first heap   total 276480K, used 146245K [0x00000000e0000000, 0x0000000100000000)
  region size 1024K, 10 young (10240K), 10 survivors (10240K)
 Metaspace       used 92347K, committed 94848K, reserved 458752K
  class space    used 12599K, committed 13888K, reserved 327680K
}
Event: 163.599 GC heap before
{Heap before GC invocations=22 (full 0):
 garbage-first heap   total 276480K, used 251717K [0x00000000e0000000, 0x0000000100000000)
  region size 1024K, 113 young (115712K), 10 survivors (10240K)
 Metaspace       used 92610K, committed 95168K, reserved 458752K
  class space    used 12634K, committed 13888K, reserved 327680K
}
Event: 163.615 GC heap after
{Heap after GC invocations=23 (full 0):
 garbage-first heap   total 276480K, used 148886K [0x00000000e0000000, 0x0000000100000000)
  region size 1024K, 5 young (5120K), 5 survivors (5120K)
 Metaspace       used 92610K, committed 95168K, reserved 458752K
  class space    used 12634K, committed 13888K, reserved 327680K
}
Event: 166.310 GC heap before
{Heap before GC invocations=23 (full 0):
 garbage-first heap   total 276480K, used 252310K [0x00000000e0000000, 0x0000000100000000)
  region size 1024K, 107 young (109568K), 5 survivors (5120K)
 Metaspace       used 100856K, committed 103488K, reserved 458752K
  class space    used 13670K, committed 14976K, reserved 327680K
}
Event: 166.340 GC heap after
{Heap after GC invocations=24 (full 0):
 garbage-first heap   total 279552K, used 167936K [0x00000000e0000000, 0x0000000100000000)
  region size 1024K, 14 young (14336K), 14 survivors (14336K)
 Metaspace       used 100856K, committed 103488K, reserved 458752K
  class space    used 13670K, committed 14976K, reserved 327680K
}
Event: 199.279 GC heap before
{Heap before GC invocations=24 (full 0):
 garbage-first heap   total 279552K, used 248832K [0x00000000e0000000, 0x0000000100000000)
  region size 1024K, 94 young (96256K), 14 survivors (14336K)
 Metaspace       used 105016K, committed 107776K, reserved 458752K
  class space    used 14150K, committed 15552K, reserved 327680K
}
Event: 199.309 GC heap after
{Heap after GC invocations=25 (full 0):
 garbage-first heap   total 279552K, used 175554K [0x00000000e0000000, 0x0000000100000000)
  region size 1024K, 8 young (8192K), 8 survivors (8192K)
 Metaspace       used 105016K, committed 107776K, reserved 458752K
  class space    used 14150K, committed 15552K, reserved 327680K
}

