# JRE version: Java(TM) SE Runtime Environment (21.0.6+8) (build 21.0.6+8-LTS-188)
# Java VM: Java HotSpot(TM) 64-Bit Server VM (21.0.6+8-LTS-188, mixed mode, sharing, tiered, compressed oops, compressed class ptrs, g1 gc, windows-amd64)
GC Precious Log:
 CardTable entry size: 512
 Card Set container configuration: InlinePtr #cards 5 size 8 Array Of Cards #cards 12 size 40 Howl #buckets 4 coarsen threshold 1843 Howl Bitmap #cards 512 size 80 coarsen threshold 460 Card regions per heap region 1 cards per card region 2048
 CPUs: 8 total, 8 available
 Memory: 16178M
 Large Page Support: Disabled
 NUMA Support: Disabled
 Compressed Oops: Enabled (32-bit)
 Heap Region Size: 1M
 Heap Min Capacity: 256M
 Heap Initial Capacity: 256M
 Heap Max Capacity: 512M
 Pre-touch: Disabled
 Parallel Workers: 8
 Concurrent Workers: 2
 Concurrent Refinement Workers: 8
 Periodic GC: Disabled
Heap:
 garbage-first heap   total 262144K, used 116637K [0x00000000e0000000, 0x0000000100000000)
  region size 1024K, 62 young (63488K), 3 survivors (3072K)
 Metaspace       used 60893K, committed 62976K, reserved 393216K
  class space    used 8578K, committed 9664K, reserved 327680K
GC Heap History (20 events):
Event: 1.330 GC heap before
{Heap before GC invocations=0 (full 0):
 garbage-first heap   total 262144K, used 22528K [0x00000000e0000000, 0x0000000100000000)
  region size 1024K, 23 young (23552K), 0 survivors (0K)
 Metaspace       used 1106K, committed 1216K, reserved 393216K
  class space    used 81K, committed 128K, reserved 327680K
}
Event: 1.334 GC heap after
{Heap after GC invocations=1 (full 0):
 garbage-first heap   total 262144K, used 2602K [0x00000000e0000000, 0x0000000100000000)
  region size 1024K, 3 young (3072K), 3 survivors (3072K)
 Metaspace       used 1106K, committed 1216K, reserved 393216K
  class space    used 81K, committed 128K, reserved 327680K
}
Event: 2.724 GC heap before
{Heap before GC invocations=1 (full 0):
 garbage-first heap   total 262144K, used 41514K [0x00000000e0000000, 0x0000000100000000)
  region size 1024K, 39 young (39936K), 3 survivors (3072K)
 Metaspace       used 4484K, committed 4672K, reserved 393216K
  class space    used 547K, committed 640K, reserved 327680K
}
Event: 2.734 GC heap after
{Heap after GC invocations=2 (full 0):
 garbage-first heap   total 262144K, used 11131K [0x00000000e0000000, 0x0000000100000000)
  region size 1024K, 5 young (5120K), 5 survivors (5120K)
 Metaspace       used 4484K, committed 4672K, reserved 393216K
  class space    used 547K, committed 640K, reserved 327680K
}
Event: 4.292 GC heap before
{Heap before GC invocations=2 (full 0):
 garbage-first heap   total 262144K, used 61307K [0x00000000e0000000, 0x0000000100000000)
  region size 1024K, 52 young (53248K), 5 survivors (5120K)
 Metaspace       used 6038K, committed 6272K, reserved 393216K
  class space    used 781K, committed 896K, reserved 327680K
}
Event: 4.303 GC heap after
{Heap after GC invocations=3 (full 0):
 garbage-first heap   total 262144K, used 18207K [0x00000000e0000000, 0x0000000100000000)
  region size 1024K, 6 young (6144K), 6 survivors (6144K)
 Metaspace       used 6038K, committed 6272K, reserved 393216K
  class space    used 781K, committed 896K, reserved 327680K
}
Event: 7.157 GC heap before
{Heap before GC invocations=3 (full 0):
 garbage-first heap   total 262144K, used 102175K [0x00000000e0000000, 0x0000000100000000)
  region size 1024K, 89 young (91136K), 6 survivors (6144K)
 Metaspace       used 20823K, committed 21504K, reserved 393216K
  class space    used 2974K, committed 3328K, reserved 327680K
}
Event: 7.179 GC heap after
{Heap after GC invocations=4 (full 0):
 garbage-first heap   total 262144K, used 24284K [0x00000000e0000000, 0x0000000100000000)
  region size 1024K, 12 young (12288K), 12 survivors (12288K)
 Metaspace       used 20823K, committed 21504K, reserved 393216K
  class space    used 2974K, committed 3328K, reserved 327680K
}
Event: 10.084 GC heap before
{Heap before GC invocations=5 (full 0):
 garbage-first heap   total 262144K, used 133852K [0x00000000e0000000, 0x0000000100000000)
  region size 1024K, 116 young (118784K), 12 survivors (12288K)
 Metaspace       used 34959K, committed 35968K, reserved 393216K
  class space    used 4804K, committed 5312K, reserved 327680K
}
Event: 10.101 GC heap after
{Heap after GC invocations=6 (full 0):
 garbage-first heap   total 262144K, used 33721K [0x00000000e0000000, 0x0000000100000000)
  region size 1024K, 16 young (16384K), 16 survivors (16384K)
 Metaspace       used 34959K, committed 35968K, reserved 393216K
  class space    used 4804K, committed 5312K, reserved 327680K
}
Event: 10.149 GC heap before
{Heap before GC invocations=6 (full 0):
 garbage-first heap   total 262144K, used 34745K [0x00000000e0000000, 0x0000000100000000)
  region size 1024K, 18 young (18432K), 16 survivors (16384K)
 Metaspace       used 35189K, committed 36288K, reserved 393216K
  class space    used 4825K, committed 5376K, reserved 327680K
}
Event: 10.163 GC heap after
{Heap after GC invocations=7 (full 0):
 garbage-first heap   total 262144K, used 32603K [0x00000000e0000000, 0x0000000100000000)
  region size 1024K, 9 young (9216K), 9 survivors (9216K)
 Metaspace       used 35189K, committed 36288K, reserved 393216K
  class space    used 4825K, committed 5376K, reserved 327680K
}
Event: 10.274 GC heap before
{Heap before GC invocations=7 (full 0):
 garbage-first heap   total 262144K, used 36699K [0x00000000e0000000, 0x0000000100000000)
  region size 1024K, 14 young (14336K), 9 survivors (9216K)
 Metaspace       used 35587K, committed 36608K, reserved 393216K
  class space    used 4871K, committed 5376K, reserved 327680K
}
Event: 10.282 GC heap after
{Heap after GC invocations=8 (full 0):
 garbage-first heap   total 262144K, used 33043K [0x00000000e0000000, 0x0000000100000000)
  region size 1024K, 9 young (9216K), 9 survivors (9216K)
 Metaspace       used 35587K, committed 36608K, reserved 393216K
  class space    used 4871K, committed 5376K, reserved 327680K
}
Event: 14.492 GC heap before
{Heap before GC invocations=9 (full 0):
 garbage-first heap   total 262144K, used 181523K [0x00000000e0000000, 0x0000000100000000)
  region size 1024K, 153 young (156672K), 9 survivors (9216K)
 Metaspace       used 50689K, committed 52480K, reserved 393216K
  class space    used 7171K, committed 8064K, reserved 327680K
}
Event: 14.515 GC heap after
{Heap after GC invocations=10 (full 0):
 garbage-first heap   total 262144K, used 41655K [0x00000000e0000000, 0x0000000100000000)
  region size 1024K, 18 young (18432K), 18 survivors (18432K)
 Metaspace       used 50689K, committed 52480K, reserved 393216K
  class space    used 7171K, committed 8064K, reserved 327680K
}
Event: 17.600 GC heap before
{Heap before GC invocations=10 (full 0):
 garbage-first heap   total 262144K, used 175799K [0x00000000e0000000, 0x0000000100000000)
  region size 1024K, 150 young (153600K), 18 survivors (18432K)
 Metaspace       used 59350K, committed 61376K, reserved 393216K
  class space    used 8449K, committed 9472K, reserved 327680K
}
Event: 17.634 GC heap after
{Heap after GC invocations=11 (full 0):
 garbage-first heap   total 262144K, used 52698K [0x00000000e0000000, 0x0000000100000000)
  region size 1024K, 20 young (20480K), 20 survivors (20480K)
 Metaspace       used 59350K, committed 61376K, reserved 393216K
  class space    used 8449K, committed 9472K, reserved 327680K
}
Event: 17.940 GC heap before
{Heap before GC invocations=11 (full 0):
 garbage-first heap   total 262144K, used 58842K [0x00000000e0000000, 0x0000000100000000)
  region size 1024K, 27 young (27648K), 20 survivors (20480K)
 Metaspace       used 59652K, committed 61696K, reserved 393216K
  class space    used 8474K, committed 9536K, reserved 327680K
}
Event: 17.977 GC heap after
{Heap after GC invocations=12 (full 0):
 garbage-first heap   total 262144K, used 57245K [0x00000000e0000000, 0x0000000100000000)
  region size 1024K, 3 young (3072K), 3 survivors (3072K)
 Metaspace       used 59652K, committed 61696K, reserved 393216K
  class space    used 8474K, committed 9536K, reserved 327680K
}

